<?xml version="1.0" encoding="UTF-8"?>
<testng-results ignored="0" total="2" passed="2" failed="0" skipped="0">
  <reporter-output>
  </reporter-output>
  <suite started-at="2022-09-21T21:48:38 IST" name="Default suite" finished-at="2022-09-21T21:48:38 IST" duration-ms="73">
    <groups>
    </groups>
    <test started-at="2022-09-21T21:48:38 IST" name="Default test" finished-at="2022-09-21T21:48:38 IST" duration-ms="73">
      <class name="com.sgtesting.tests.TestCases">
        <test-method signature="method1()[pri:0, instance:com.sgtesting.tests.TestCases@3541cb24]" started-at="2022-09-21T21:48:38 IST" name="method1" finished-at="2022-09-21T21:48:38 IST" duration-ms="11" status="PASS">
          <reporter-output>
          </reporter-output>
        </test-method> <!-- method1 -->
        <test-method signature="method2()[pri:0, instance:com.sgtesting.tests.TestCases@3541cb24]" started-at="2022-09-21T21:48:38 IST" name="method2" finished-at="2022-09-21T21:48:38 IST" duration-ms="2" status="PASS">
          <reporter-output>
          </reporter-output>
        </test-method> <!-- method2 -->
      </class> <!-- com.sgtesting.tests.TestCases -->
    </test> <!-- Default test -->
  </suite> <!-- Default suite -->
</testng-results>
