<?xml version="1.0" encoding="UTF-8"?>
<testng-results ignored="0" total="2" passed="2" failed="0" skipped="0">
  <reporter-output>
  </reporter-output>
  <suite started-at="2022-09-22T10:43:49 IST" name="TestCases" finished-at="2022-09-22T10:43:49 IST" duration-ms="89">
    <groups>
    </groups>
    <test started-at="2022-09-22T10:43:49 IST" name="Sample Test Cases" finished-at="2022-09-22T10:43:49 IST" duration-ms="89">
      <class name="com.sgtesting.tests.TestCases">
        <test-method signature="method1()[pri:0, instance:com.sgtesting.tests.TestCases@11bd0f3b]" started-at="2022-09-22T10:43:49 IST" name="method1" finished-at="2022-09-22T10:43:49 IST" duration-ms="6" status="PASS">
          <reporter-output>
          </reporter-output>
        </test-method> <!-- method1 -->
        <test-method signature="method2()[pri:0, instance:com.sgtesting.tests.TestCases@11bd0f3b]" started-at="2022-09-22T10:43:49 IST" name="method2" finished-at="2022-09-22T10:43:49 IST" duration-ms="2" status="PASS">
          <reporter-output>
          </reporter-output>
        </test-method> <!-- method2 -->
      </class> <!-- com.sgtesting.tests.TestCases -->
    </test> <!-- Sample Test Cases -->
  </suite> <!-- TestCases -->
</testng-results>
